Watching for file changes with StatReloader
[15/Mar/2026 20:06:09] "OPTIONS /api/token/ HTTP/1.1" 200 0
[15/Mar/2026 20:06:10] "POST /api/token/ HTTP/1.1" 200 489
[15/Mar/2026 20:06:11] "OPTIONS /api/reports/dashboard/ HTTP/1.1" 200 0
[15/Mar/2026 20:06:11] "GET /api/reports/dashboard/ HTTP/1.1" 200 93
[15/Mar/2026 20:06:55] "OPTIONS /api/token/ HTTP/1.1" 200 0
[15/Mar/2026 20:06:56] "POST /api/token/ HTTP/1.1" 200 489
[15/Mar/2026 20:06:56] "OPTIONS /api/reports/dashboard/ HTTP/1.1" 200 0
[15/Mar/2026 20:06:56] "GET /api/reports/dashboard/ HTTP/1.1" 200 93
[22/Mar/2026 03:47:09] "OPTIONS /api/token/ HTTP/1.1" 200 0
[22/Mar/2026 03:47:10] "POST /api/token/ HTTP/1.1" 200 489
[22/Mar/2026 03:47:11] "OPTIONS /api/reports/dashboard/ HTTP/1.1" 200 0
[22/Mar/2026 03:47:11] "GET /api/reports/dashboard/ HTTP/1.1" 200 93
[22/Mar/2026 03:47:16] "OPTIONS /api/master-data/units/ HTTP/1.1" 200 0
[22/Mar/2026 03:47:16] "GET /api/master-data/units/ HTTP/1.1" 200 150
[22/Mar/2026 03:47:16] "GET /api/master-data/units/ HTTP/1.1" 200 150
/app/backend/core/settings.py changed, reloading.
Performing system checks...

System check identified no issues (0 silenced).
March 15, 2026 - 20:03:43
Django version 6.0.3, using settings 'core.settings'
Starting development server at http://0.0.0.0:8000/
Quit the server with CONTROL-C.

WARNING: This is a development server. Do not use it in a production setting. Use a production WSGI or ASGI server instead.
For more information on production servers see: https://docs.djangoproject.com/en/6.0/howto/deployment/
Traceback (most recent call last):
  File "/app/backend/venv/lib/python3.12/site-packages/django/core/management/base.py", line 420, in run_from_argv
    self.execute(*args, **cmd_options)
  File "/app/backend/venv/lib/python3.12/site-packages/django/core/management/commands/runserver.py", line 69, in execute
    super().execute(*args, **options)
  File "/app/backend/venv/lib/python3.12/site-packages/django/core/management/base.py", line 464, in execute
    output = self.handle(*args, **options)
             ^^^^^^^^^^^^^^^^^^^^^^^^^^^^^
  File "/app/backend/venv/lib/python3.12/site-packages/django/core/management/commands/runserver.py", line 80, in handle
    if not settings.DEBUG and not settings.ALLOWED_HOSTS:
           ^^^^^^^^^^^^^^
  File "/app/backend/venv/lib/python3.12/site-packages/django/conf/__init__.py", line 75, in __getattr__
    self._setup(name)
  File "/app/backend/venv/lib/python3.12/site-packages/django/conf/__init__.py", line 62, in _setup
    self._wrapped = Settings(settings_module)
                    ^^^^^^^^^^^^^^^^^^^^^^^^^
  File "/app/backend/venv/lib/python3.12/site-packages/django/conf/__init__.py", line 162, in __init__
    mod = importlib.import_module(self.SETTINGS_MODULE)
          ^^^^^^^^^^^^^^^^^^^^^^^^^^^^^^^^^^^^^^^^^^^^^
  File "/home/jules/.pyenv/versions/3.12.13/lib/python3.12/importlib/__init__.py", line 90, in import_module
    return _bootstrap._gcd_import(name[level:], package, level)
           ^^^^^^^^^^^^^^^^^^^^^^^^^^^^^^^^^^^^^^^^^^^^^^^^^^^^
  File "<frozen importlib._bootstrap>", line 1387, in _gcd_import
  File "<frozen importlib._bootstrap>", line 1360, in _find_and_load
  File "<frozen importlib._bootstrap>", line 1331, in _find_and_load_unlocked
  File "<frozen importlib._bootstrap>", line 935, in _load_unlocked
  File "<frozen importlib._bootstrap_external>", line 999, in exec_module
  File "<frozen importlib._bootstrap>", line 488, in _call_with_frames_removed
  File "/app/backend/core/settings.py", line 4, in <module>
    import dj_database_url
ModuleNotFoundError: No module named 'dj_database_url'

During handling of the above exception, another exception occurred:

Traceback (most recent call last):
  File "/app/backend/manage.py", line 23, in <module>
    main()
  File "/app/backend/manage.py", line 19, in main
    execute_from_command_line(sys.argv)
  File "/app/backend/venv/lib/python3.12/site-packages/django/core/management/__init__.py", line 443, in execute_from_command_line
    utility.execute()
  File "/app/backend/venv/lib/python3.12/site-packages/django/core/management/__init__.py", line 437, in execute
    self.fetch_command(subcommand).run_from_argv(self.argv)
  File "/app/backend/venv/lib/python3.12/site-packages/django/core/management/base.py", line 433, in run_from_argv
    connections.close_all()
  File "/app/backend/venv/lib/python3.12/site-packages/django/utils/connection.py", line 84, in close_all
    for conn in self.all(initialized_only=True):
                ^^^^^^^^^^^^^^^^^^^^^^^^^^^^^^^
  File "/app/backend/venv/lib/python3.12/site-packages/django/utils/connection.py", line 78, in all
    for alias in self
                 ^^^^
  File "/app/backend/venv/lib/python3.12/site-packages/django/utils/connection.py", line 73, in __iter__
    return iter(self.settings)
                ^^^^^^^^^^^^^
  File "/app/backend/venv/lib/python3.12/site-packages/django/utils/functional.py", line 47, in __get__
    res = instance.__dict__[self.name] = self.func(instance)
                                         ^^^^^^^^^^^^^^^^^^^
  File "/app/backend/venv/lib/python3.12/site-packages/django/utils/connection.py", line 45, in settings
    self._settings = self.configure_settings(self._settings)
                     ^^^^^^^^^^^^^^^^^^^^^^^^^^^^^^^^^^^^^^^
  File "/app/backend/venv/lib/python3.12/site-packages/django/db/utils.py", line 151, in configure_settings
    databases = super().configure_settings(databases)
                ^^^^^^^^^^^^^^^^^^^^^^^^^^^^^^^^^^^^^
  File "/app/backend/venv/lib/python3.12/site-packages/django/utils/connection.py", line 50, in configure_settings
    settings = getattr(django_settings, self.settings_name)
               ^^^^^^^^^^^^^^^^^^^^^^^^^^^^^^^^^^^^^^^^^^^^
  File "/app/backend/venv/lib/python3.12/site-packages/django/conf/__init__.py", line 75, in __getattr__
    self._setup(name)
  File "/app/backend/venv/lib/python3.12/site-packages/django/conf/__init__.py", line 62, in _setup
    self._wrapped = Settings(settings_module)
                    ^^^^^^^^^^^^^^^^^^^^^^^^^
  File "/app/backend/venv/lib/python3.12/site-packages/django/conf/__init__.py", line 162, in __init__
    mod = importlib.import_module(self.SETTINGS_MODULE)
          ^^^^^^^^^^^^^^^^^^^^^^^^^^^^^^^^^^^^^^^^^^^^^
  File "/home/jules/.pyenv/versions/3.12.13/lib/python3.12/importlib/__init__.py", line 90, in import_module
    return _bootstrap._gcd_import(name[level:], package, level)
           ^^^^^^^^^^^^^^^^^^^^^^^^^^^^^^^^^^^^^^^^^^^^^^^^^^^^
  File "<frozen importlib._bootstrap>", line 1387, in _gcd_import
  File "<frozen importlib._bootstrap>", line 1360, in _find_and_load
  File "<frozen importlib._bootstrap>", line 1331, in _find_and_load_unlocked
  File "<frozen importlib._bootstrap>", line 935, in _load_unlocked
  File "<frozen importlib._bootstrap_external>", line 999, in exec_module
  File "<frozen importlib._bootstrap>", line 488, in _call_with_frames_removed
  File "/app/backend/core/settings.py", line 4, in <module>
    import dj_database_url
ModuleNotFoundError: No module named 'dj_database_url'
